<?xml version="1.0" encoding="UTF-8"?>
<!-- Generated by org.testng.reporters.JUnitXMLReporter -->
<testsuite ignored="0" hostname="R_A_J" failures="1" tests="2" name="Test firefox" time="25.533" errors="0" timestamp="2025-04-12T18:10:14 IST">
  <testcase classname="testCases.TC001_Verify_Acc_Reg" name="verifyAccountReg" time="2.428"/>
  <testcase classname="testCases.TC002_Verify_Login" name="loginTest" time="11.332">
    <failure type="java.lang.AssertionError" message="expected [true] but found [false]">
      <![CDATA[java.lang.AssertionError: expected [true] but found [false]
at testCases.TC002_Verify_Login.loginTest(TC002_Verify_Login.java:27)
at java.base/java.util.ArrayList.forEach(ArrayList.java:1596)
... Removed 32 stack frames]]>
    </failure>
  </testcase> <!-- loginTest -->
</testsuite> <!-- Test firefox -->
