<?xml version="1.0" encoding="UTF-8"?>
<testng-results ignored="0" total="1" passed="1" failed="0" skipped="0">
  <reporter-output>
  </reporter-output>
  <suite started-at="2025-04-13T00:45:31 IST" name="Suite" finished-at="2025-04-13T00:45:37 IST" duration-ms="5791">
    <groups>
      <group name="sanity">
        <method signature="TC001_Verify_Acc_Reg.verifyAccountReg()[pri:0, instance:testCases.TC001_Verify_Acc_Reg@6b81ce95]" name="verifyAccountReg" class="testCases.TC001_Verify_Acc_Reg"/>
      </group> <!-- sanity -->
      <group name="master">
        <method signature="TC001_Verify_Acc_Reg.verifyAccountReg()[pri:0, instance:testCases.TC001_Verify_Acc_Reg@6b81ce95]" name="verifyAccountReg" class="testCases.TC001_Verify_Acc_Reg"/>
      </group> <!-- master -->
    </groups>
    <test started-at="2025-04-13T00:45:31 IST" name="Test" finished-at="2025-04-13T00:45:37 IST" duration-ms="5791">
      <class name="testCases.TC001_Verify_Acc_Reg">
        <test-method is-config="true" signature="setUp(java.lang.String,java.lang.String)[pri:0, instance:testCases.TC001_Verify_Acc_Reg@6b81ce95]" started-at="2025-04-13T00:45:31 IST" name="setUp" finished-at="2025-04-13T00:45:34 IST" duration-ms="3284" status="PASS">
          <params>
            <param index="0">
              <value>
                <![CDATA[chrome]]>
              </value>
            </param>
            <param index="1">
              <value>
                <![CDATA[windows]]>
              </value>
            </param>
          </params>
          <reporter-output>
          </reporter-output>
        </test-method> <!-- setUp -->
        <test-method signature="verifyAccountReg()[pri:0, instance:testCases.TC001_Verify_Acc_Reg@6b81ce95]" started-at="2025-04-13T00:45:34 IST" name="verifyAccountReg" finished-at="2025-04-13T00:45:36 IST" duration-ms="2267" status="PASS">
          <reporter-output>
          </reporter-output>
        </test-method> <!-- verifyAccountReg -->
        <test-method is-config="true" signature="tearEnd()[pri:0, instance:testCases.TC001_Verify_Acc_Reg@6b81ce95]" started-at="2025-04-13T00:45:36 IST" name="tearEnd" finished-at="2025-04-13T00:45:37 IST" duration-ms="182" status="PASS">
          <reporter-output>
          </reporter-output>
        </test-method> <!-- tearEnd -->
      </class> <!-- testCases.TC001_Verify_Acc_Reg -->
    </test> <!-- Test -->
  </suite> <!-- Suite -->
</testng-results>
